<?xml version="1.0" encoding="UTF-8"?>
<!-- Generated by org.testng.reporters.JUnitXMLReporter -->
<testsuite hostname="mkarthik-W7" name="Test4" tests="1" failures="1" timestamp="26 Jun 2015 12:40:57 GMT" time="55.133" errors="0">
  <testcase name="testCreateFolder" time="22.613" classname="com.salesforce.TestCases.CreateProjectTest">
    <failure type="java.lang.NullPointerException">
      <![CDATA[java.lang.NullPointerException
	at com.salesforce.CommonLib.commonFunctions.clickOnElementXpath(commonFunctions.java:363)
	at com.salesforce.TestCases.CreateProjectTest.testCreateFolder(CreateProjectTest.java:81)
	at java.util.concurrent.FutureTask.run(Unknown Source)
	at java.util.concurrent.ThreadPoolExecutor.runWorker(Unknown Source)
	at java.util.concurrent.ThreadPoolExecutor$Worker.run(Unknown Source)
	at java.lang.Thread.run(Unknown Source)
... Removed 16 stack frames]]>
    </failure>
  </testcase> <!-- testCreateFolder -->
</testsuite> <!-- Test4 -->
